<?xml version="1.0" encoding="UTF-8"?>
<testsuite xmlns:xsi="http://www.w3.org/2001/XMLSchema-instance" xsi:noNamespaceSchemaLocation="https://maven.apache.org/surefire/maven-surefire-plugin/xsd/surefire-test-report.xsd" name="com.laozhu.MicroserviceCloud03ProviderProduct8001ApplicationTests" time="0.341" tests="1" errors="1" skipped="0" failures="0">
  <properties>
[...]
</properties>
  <testcase name="initializationError" classname="com.laozhu.MicroserviceCloud03ProviderProduct8001ApplicationTests" time="0.026">
    <error message="Found multiple @SpringBootConfiguration annotated classes [Generic bean: class [com.laozhu.MicroserviceCloud03ProviderProduct8001Application]; scope=; abstract=false; lazyInit=false; autowireMode=0; dependencyCheck=0; autowireCandidate=true; primary=false; factoryBeanName=null; factoryMethodName=null; initMethodName=null; destroyMethodName=null; defined in file [E:\IdeaProject\springCloud\microservice-cloud-03-provider-product-8001\target\classes\com\laozhu\MicroserviceCloud03ProviderProduct8001Application.class], Generic bean: class [com.laozhu.MicroserviceCloud02ApiApplication]; scope=; abstract=false; lazyInit=false; autowireMode=0; dependencyCheck=0; autowireCandidate=true; primary=false; factoryBeanName=null; factoryMethodName=null; initMethodName=null; destroyMethodName=null; defined in URL [jar:file:/E:/IdeaProject/springCloud/microservice-cloud-02-api/target/microservice-cloud-02-api-0.0.1-SNAPSHOT.jar!/com/laozhu/MicroserviceCloud02ApiApplication.class]]" type="java.lang.IllegalStateException">java.lang.IllegalStateException: Found multiple @SpringBootConfiguration annotated classes [Generic bean: class [com.laozhu.MicroserviceCloud03ProviderProduct8001Application]; scope=; abstract=false; lazyInit=false; autowireMode=0; dependencyCheck=0; autowireCandidate=true; primary=false; factoryBeanName=null; factoryMethodName=null; initMethodName=null; destroyMethodName=null; defined in file [E:\IdeaProject\springCloud\microservice-cloud-03-provider-product-8001\target\classes\com\laozhu\MicroserviceCloud03ProviderProduct8001Application.class], Generic bean: class [com.laozhu.MicroserviceCloud02ApiApplication]; scope=; abstract=false; lazyInit=false; autowireMode=0; dependencyCheck=0; autowireCandidate=true; primary=false; factoryBeanName=null; factoryMethodName=null; initMethodName=null; destroyMethodName=null; defined in URL [jar:file:/E:/IdeaProject/springCloud/microservice-cloud-02-api/target/microservice-cloud-02-api-0.0.1-SNAPSHOT.jar!/com/laozhu/MicroserviceCloud02ApiApplication.class]]
</error>
    <system-out><![CDATA[17:16:15.900 [main] DEBUG org.springframework.test.context.junit4.SpringJUnit4ClassRunner - SpringJUnit4ClassRunner constructor called with [class com.laozhu.MicroserviceCloud03ProviderProduct8001ApplicationTests]
17:16:15.904 [main] DEBUG org.springframework.test.context.BootstrapUtils - Instantiating CacheAwareContextLoaderDelegate from class [org.springframework.test.context.cache.DefaultCacheAwareContextLoaderDelegate]
17:16:15.912 [main] DEBUG org.springframework.test.context.BootstrapUtils - Instantiating BootstrapContext using constructor [public org.springframework.test.context.support.DefaultBootstrapContext(java.lang.Class,org.springframework.test.context.CacheAwareContextLoaderDelegate)]
17:16:15.929 [main] DEBUG org.springframework.test.context.BootstrapUtils - Instantiating TestContextBootstrapper for test class [com.laozhu.MicroserviceCloud03ProviderProduct8001ApplicationTests] from class [org.springframework.boot.test.context.SpringBootTestContextBootstrapper]
17:16:15.945 [main] INFO org.springframework.boot.test.context.SpringBootTestContextBootstrapper - Neither @ContextConfiguration nor @ContextHierarchy found for test class [com.laozhu.MicroserviceCloud03ProviderProduct8001ApplicationTests], using SpringBootContextLoader
17:16:15.948 [main] DEBUG org.springframework.test.context.support.AbstractContextLoader - Did not detect default resource location for test class [com.laozhu.MicroserviceCloud03ProviderProduct8001ApplicationTests]: class path resource [com/laozhu/MicroserviceCloud03ProviderProduct8001ApplicationTests-context.xml] does not exist
17:16:15.948 [main] DEBUG org.springframework.test.context.support.AbstractContextLoader - Did not detect default resource location for test class [com.laozhu.MicroserviceCloud03ProviderProduct8001ApplicationTests]: class path resource [com/laozhu/MicroserviceCloud03ProviderProduct8001ApplicationTestsContext.groovy] does not exist
17:16:15.948 [main] INFO org.springframework.test.context.support.AbstractContextLoader - Could not detect default resource locations for test class [com.laozhu.MicroserviceCloud03ProviderProduct8001ApplicationTests]: no resource found for suffixes {-context.xml, Context.groovy}.
17:16:15.949 [main] INFO org.springframework.test.context.support.AnnotationConfigContextLoaderUtils - Could not detect default configuration classes for test class [com.laozhu.MicroserviceCloud03ProviderProduct8001ApplicationTests]: MicroserviceCloud03ProviderProduct8001ApplicationTests does not declare any static, non-private, non-final, nested classes annotated with @Configuration.
17:16:15.982 [main] DEBUG org.springframework.test.context.support.ActiveProfilesUtils - Could not find an 'annotation declaring class' for annotation type [org.springframework.test.context.ActiveProfiles] and class [com.laozhu.MicroserviceCloud03ProviderProduct8001ApplicationTests]
17:16:16.067 [main] DEBUG org.springframework.context.annotation.ClassPathScanningCandidateComponentProvider - Identified candidate component class: file [E:\IdeaProject\springCloud\microservice-cloud-03-provider-product-8001\target\classes\com\laozhu\MicroserviceCloud03ProviderProduct8001Application.class]
17:16:16.068 [main] DEBUG org.springframework.context.annotation.ClassPathScanningCandidateComponentProvider - Identified candidate component class: URL [jar:file:/E:/IdeaProject/springCloud/microservice-cloud-02-api/target/microservice-cloud-02-api-0.0.1-SNAPSHOT.jar!/com/laozhu/MicroserviceCloud02ApiApplication.class]
]]></system-out>
  </testcase>
</testsuite>