-------------------------------------------------------------------------------
Test set: com.laozhu.MicroserviceCloud05Eureka6001ApplicationTests
-------------------------------------------------------------------------------
Tests run: 3, Failures: 0, Errors: 3, Skipped: 0, Time elapsed: 0.077 s <<< FAILURE! - in com.laozhu.MicroserviceCloud05Eureka6001ApplicationTests
initializationError(com.laozhu.MicroserviceCloud05Eureka6001ApplicationTests)  Time elapsed: 0.003 s  <<< ERROR!
java.lang.Exception: The class com.laozhu.MicroserviceCloud05Eureka6001ApplicationTests is not public.

initializationError(com.laozhu.MicroserviceCloud05Eureka6001ApplicationTests)  Time elapsed: 0 s  <<< ERROR!
java.lang.Exception: Test class should have exactly one public constructor

initializationError(com.laozhu.MicroserviceCloud05Eureka6001ApplicationTests)  Time elapsed: 0 s  <<< ERROR!
java.lang.Exception: Method contextLoads() should be public

